!SESSION 2017-05-18 10:11:32.877 -----------------------------------------------
eclipse.buildId=unknown
java.version=1.8.0_131
java.vendor=Oracle Corporation
BootLoader constants: OS=linux, ARCH=x86_64, WS=gtk, NL=en_US

!ENTRY org.eclipse.equinox.ds 1 0 2017-05-18 10:11:32.877
!MESSAGE Could not bind a reference of component org.wso2.carbon.kernel.internal.runtime.RuntimeServiceListenerComponent. The reference is: Reference[name = carbon.runtime.service, interface = org.wso2.carbon.kernel.runtime.Runtime, policy = dynamic, cardinality = 0..n, target = null, bind = registerRuntime, unbind = unRegisterRuntime]

!ENTRY org.eclipse.equinox.ds 1 0 2017-05-18 10:11:32.879
!MESSAGE Could not bind a reference of component org.wso2.carbon.kernel.internal.transports.TransportServiceComponent. The reference is: Reference[name = carbon.transport, interface = org.wso2.carbon.kernel.transports.CarbonTransport, policy = dynamic, cardinality = 0..n, target = null, bind = registerTransport, unbind = unregisterTransport]

!ENTRY org.eclipse.equinox.ds 1 0 2017-05-18 10:11:33.087
!MESSAGE Could not bind a reference of component org.wso2.carbon.deployment.engine.internal.DeploymentEngineListenerComponent. The reference is: Reference[name = carbon.deployer.service, interface = org.wso2.carbon.deployment.engine.Deployer, policy = dynamic, cardinality = 0..n, target = null, bind = registerDeployer, unbind = unregisterDeployer]

!ENTRY org.eclipse.equinox.ds 1 0 2017-05-18 10:11:33.087
!MESSAGE Could not bind a reference of component org.wso2.carbon.deployment.engine.internal.DeploymentEngineListenerComponent. The reference is: Reference[name = carbon.deployment.listener.service, interface = org.wso2.carbon.deployment.engine.LifecycleListener, policy = dynamic, cardinality = 0..n, target = null, bind = registerDeploymentListener, unbind = unregisterDeploymentListener]

!ENTRY org.eclipse.equinox.ds 1 0 2017-05-18 10:11:33.103
!MESSAGE Could not bind a reference of component org.wso2.carbon.metrics.core.internal.MetricsComponent. The reference is: Reference[name = carbon.metrics.extension, interface = org.wso2.carbon.metrics.core.spi.MetricsExtension, policy = dynamic, cardinality = 0..n, target = null, bind = setMetricsExtension, unbind = unsetMetricsExtension]

!ENTRY org.eclipse.equinox.ds 1 0 2017-05-18 10:11:33.173
!MESSAGE Could not bind a reference of component org.wso2.carbon.transport.http.netty.internal.HTTPTransportServiceComponent. The reference is: Reference[name = messaging-handler, interface = org.wso2.carbon.messaging.handler.MessagingHandler, policy = dynamic, cardinality = 0..n, target = null, bind = addNettyStatHandler, unbind = removeNettyStatHandler]

!ENTRY org.eclipse.equinox.ds 1 0 2017-05-18 10:11:33.173
!MESSAGE Could not bind a reference of component org.wso2.carbon.transport.http.netty.internal.HTTPTransportServiceComponent. The reference is: Reference[name = transport-listener-manager, interface = org.wso2.carbon.messaging.TransportListenerManager, policy = dynamic, cardinality = 0..1, target = null, bind = addManager, unbind = removeManager]

!ENTRY org.eclipse.equinox.ds 1 0 2017-05-18 10:11:33.434
!MESSAGE Could not bind a reference of component org.wso2.msf4j.internal.MicroServicesServerSC. The reference is: Reference[name = exception-mapper, interface = javax.ws.rs.ext.ExceptionMapper, policy = dynamic, cardinality = 0..n, target = null, bind = addExceptionMapper, unbind = removeExceptionMapper]

!ENTRY org.eclipse.equinox.ds 1 0 2017-05-18 10:11:33.457
!MESSAGE Could not bind a reference of component org.wso2.msf4j.internal.MicroServicesServerSC. The reference is: Reference[name = microservice, interface = org.wso2.msf4j.Microservice, policy = dynamic, cardinality = 0..n, target = null, bind = addService, unbind = removeService]

!ENTRY org.eclipse.equinox.ds 1 0 2017-05-18 10:11:33.458
!MESSAGE Could not bind a reference of component org.wso2.msf4j.internal.MicroServicesServerSC. The reference is: Reference[name = session-manager, interface = org.wso2.msf4j.SessionManager, policy = dynamic, cardinality = 0..1, target = null, bind = addSessionManager, unbind = removeSessionManager]
